<?xml version="1.0" encoding="UTF-8"?>
<!-- Generated by org.testng.reporters.JUnitXMLReporter -->
<testsuite hostname="DESKTOP-077G3EM" ignored="0" name="GCASH" tests="7" failures="0" timestamp="2022-09-21T18:44:13 IST" time="84.193" errors="0">
  <testcase name="GCashToken" time="3.694" classname="com.GCash_GGivesScripts.GCASHScripts"/>
  <testcase name="GCashClientId" time="0.601" classname="com.GCash_GGivesScripts.GCASHScripts"/>
  <testcase name="GCashEmptyId" time="0.597" classname="com.GCash_GGivesScripts.GCASHScripts"/>
  <testcase name="GCashSecretId" time="0.67" classname="com.GCash_GGivesScripts.GCASHScripts"/>
  <testcase name="GCashInvalidSecret" time="0.596" classname="com.GCash_GGivesScripts.GCASHScripts"/>
  <testcase name="GCashGrant" time="0.762" classname="com.GCash_GGivesScripts.GCASHScripts"/>
  <testcase name="GCashEmptyGrant" time="0.617" classname="com.GCash_GGivesScripts.GCASHScripts"/>
</testsuite> <!-- GCASH -->
