<?xml version="1.0" encoding="UTF-8"?>
<!-- Generated by org.testng.reporters.JUnitXMLReporter -->
<testsuite ignored="0" hostname="DESKTOP-077G3EM" failures="0" tests="7" name="GCASH" time="87.778" errors="0" timestamp="2022-09-21T11:36:34 IST">
  <testcase classname="com.GCash_GGivesScripts.GCASHScripts" name="GCashToken" time="4.011"/>
  <testcase classname="com.GCash_GGivesScripts.GCASHScripts" name="GCashClientId" time="0.709"/>
  <testcase classname="com.GCash_GGivesScripts.GCASHScripts" name="GCashEmptyId" time="0.685"/>
  <testcase classname="com.GCash_GGivesScripts.GCASHScripts" name="GCashSecretId" time="0.664"/>
  <testcase classname="com.GCash_GGivesScripts.GCASHScripts" name="GCashInvalidSecret" time="0.591"/>
  <testcase classname="com.GCash_GGivesScripts.GCASHScripts" name="GCashGrant" time="0.541"/>
  <testcase classname="com.GCash_GGivesScripts.GCASHScripts" name="GCashEmptyGrant" time="0.529"/>
</testsuite> <!-- GCASH -->
