<?xml version="1.0" encoding="UTF-8"?>
<!-- Generated by org.testng.reporters.JUnitXMLReporter -->
<testsuite hostname="DESKTOP-077G3EM" ignored="0" name="GCASH" tests="7" failures="0" timestamp="2022-09-19T21:45:18 IST" time="29.441" errors="0">
  <testcase name="EmptyClientId_TokenGCash" time="9.444" classname="com.GCash_GGivesScripts.TokenGCASH"/>
  <testcase name="EmptyClientSecret_TokenGCash" time="1.676" classname="com.GCash_GGivesScripts.TokenGCASH"/>
  <testcase name="EmptyGrantType_TokenGCash" time="1.783" classname="com.GCash_GGivesScripts.TokenGCASH"/>
  <testcase name="InvalidClientId_TokenGCash" time="1.75" classname="com.GCash_GGivesScripts.TokenGCASH"/>
  <testcase name="InvalidClientSecret_TokenGCash" time="1.65" classname="com.GCash_GGivesScripts.TokenGCASH"/>
  <testcase name="InvalidGrantType_TokenGCash" time="1.53" classname="com.GCash_GGivesScripts.TokenGCASH"/>
  <testcase name="TokenGCash_200" time="1.891" classname="com.GCash_GGivesScripts.TokenGCASH"/>
</testsuite> <!-- GCASH -->
